<?xml version="1.0" encoding="UTF-8"?>
<testsuite name="Firefox WebAutomationTesting"
           tests="1"
           failures="1"
           errors="0"
           skipped="0"
           time="49.540">
  <properties />
            <testcase name="testHomePage" time="49.540" classname="com.selenium.test.testng.tests.HomePageTest">
                <failure type="com.codeborne.selenide.ex.ListSizeMismatch"
                  message=": expected: = 106, actual: 108, collection: .n-category__list.n-left&gt;li
Elements: [
	&lt;li class=&quot;product&quot; data-index=&quot;0&quot; data-reactid=&quot;.j.$0.1.1.$0&quot; data-sku=&quot;2040264&quot; value=&quot;0&quot;&gt;HUAWEI P20 (4GB/128GB) 5.8吋雙鏡頭旗艦機-櫻粉金
$20,900$20,900&lt;/li&gt;,
	&lt;li class=&quot;product&quot; data-index=&quot;0&quot; data-reactid=&quot;.j.$0.1.1.$1&quot; data-sku=&quot;1909590&quot; value=&quot;0&quot;&gt;APPLE iPhone X 64GB 智慧型手機
$35,900$31,850&lt;/li&gt;,
	&lt;li class=&quot;product&quot; data-index=&quot;0&quot; data-reactid=&quot;.j.$0.1.1.$2&quot; data-sku=&quot;1869497&quot; value=&quot;0&quot;&gt;D-Link友訊 HD無線網路攝影機 DCS-8000LH
$1,760$999&lt;/li&gt;,
	&lt;li class=&quot;product&quot; data-index=&quot;0&quot; data-reactid=&quot;.j.$0.1.1.$3&quot; data-sku=&quot;2043170&quot; value=&quot;0&quot;&gt;Jabra ROX HiFi Wireless 入耳式藍牙運動耳機 公司貨
$2,990$1,099&lt;/li&gt;,
	&lt;li class=&quot;product&quot; data-index=&quot;0&quot; data-reactid=&quot;.j.$0.1.1.$4&quot; data-sku=&quot;2045460&quot; value=&quot;0&quot;&gt;SIGMA 17-50mm F2.8 EX DC OS HSM (中文平輸)
$9,990$7,901&lt;/li&gt;,
	&lt;li class=&quot;product&quot; data-index=&quot;0&quot; data-reactid=&quot;.j.$0.1.1.$5&quot; data-sku=&quot;2045464&quot; value=&quot;0&quot;&gt;Panasonic LUMIX G VARIO 100-300mm F4.0-5.6 II POWER O.I.S. 二代鏡頭 (中文平輸)
$14,900$13,110&lt;/li&gt;,
	&lt;li class=&quot;product&quot; data-index=&quot;0&quot; data-reactid=&quot;.j.$1.1.1.$0&quot; data-sku=&quot;2048684&quot; value=&quot;0&quot;&gt;Acer宏碁 Aspire 7 效能筆電 A715-71G-52KQ 15.6吋/i5-8250U/4G/1T+128G SSD/NV GTX1050Ti
$29,900$26,900&lt;/li&gt;,
	&lt;li class=&quot;product&quot; data-index=&quot;0&quot; data-reactid=&quot;.j.$1.1.1.$1&quot; data-sku=&quot;2035110&quot; value=&quot;0&quot;&gt;Apple 蘋果 iPad 9.7吋 128G WiFi (2018新版)
$13,900$13,205&lt;/li&gt;,
	&lt;li class=&quot;product&quot; data-index=&quot;0&quot; data-reactid=&quot;.j.$1.1.1.$2&quot; data-sku=&quot;2050614&quot; value=&quot;0&quot;&gt;HUAWEI 華為 MediaPad M5 10.8吋 Wi-Fi 平板電腦 (4G/64G)
$14,990$13,900&lt;/li&gt;,
	&lt;li class=&quot;product&quot; data-index=&quot;0&quot; data-reactid=&quot;.j.$1.1.1.$3&quot; data-sku=&quot;1985797&quot; value=&quot;0&quot;&gt;ASUS華碩 雙頻無線Gigabit 路由器(AC1900) RT-AC68U
$5,490$3,888&lt;/li&gt;,
	&lt;li class=&quot;product&quot; data-index=&quot;0&quot; data-reactid=&quot;.j.$1.1.1.$4&quot; data-sku=&quot;2009094&quot; value=&quot;0&quot;&gt;SanDisk Ultra microSDXC UHS-I 128GB 記憶卡 公司貨 128G
$3,999$951&lt;/li&gt;,
	&lt;li class=&quot;product&quot; data-index=&quot;0&quot; data-reactid=&quot;.j.$1.1.1.$5&quot; data-sku=&quot;1930766&quot; value=&quot;0&quot;&gt;ViewSonic優派 VA1903a 19型零閃頻抗藍光液晶螢幕
$2,388$2,350&lt;/li&gt;,
	&lt;li class=&quot;product&quot; data-index=&quot;0&quot; data-reactid=&quot;.j.$2.1.1.$0&quot; data-sku=&quot;1902805&quot; value=&quot;0&quot;&gt;Panasonic國際牌468公升三門變頻冰箱(銀河灰)NR-C479HV-S
$32,190$28,650&lt;/li&gt;,
	&lt;li class=&quot;product&quot; data-index=&quot;0&quot; data-reactid=&quot;.j.$2.1.1.$1&quot; data-sku=&quot;2028534&quot; value=&quot;0&quot;&gt;LG 樂金 TWINWash雙能洗 蒸氣洗脫烘滾筒洗衣機12公斤+2公斤洗衣機(WD-S12GV+WT-D200HV)(買就送14吋DC扇)
$65,800$59,000&lt;/li&gt;,
	&lt;li class=&quot;product&quot; data-index=&quot;0&quot; data-reactid=&quot;.j.$2.1.1.$2&quot; data-sku=&quot;2041055&quot; value=&quot;0&quot;&gt;LG樂金 49吋一奈米4K液晶電視49UK7500PWA-送U-PRO安博盒子(含基本安裝)
$39,900$32,900&lt;/li&gt;,
	&lt;li class=&quot;product&quot; data-index=&quot;0&quot; data-reactid=&quot;.j.$2.1.1.$3&quot; data-sku=&quot;1914728&quot; value=&quot;0&quot;&gt;PHILIPS飛利浦智慧萬用鍋(HD2133)-贈內鍋(HD2775)
$6,288$3,288&lt;/li&gt;,
	&lt;li class=&quot;product&quot; data-index=&quot;0&quot; data-reactid=&quot;.j.$2.1.1.$4&quot; data-sku=&quot;1762264&quot; value=&quot;0&quot;&gt;Valera維力諾 水護色造型魔髮器100.11/IS(小銀)瑞士原裝
$6,800$4,658&lt;/li&gt;,
	&lt;li class=&quot;product&quot; data-index=&quot;0&quot; data-reactid=&quot;.j.$2.1.1.$5&quot; data-sku=&quot;1976666&quot; value=&quot;0&quot;&gt;米家石頭掃地拖地二合一機器人(小米掃地機器人2)
$16,999$13,600&lt;/li&gt;,
	&lt;li class=&quot;product&quot; data-index=&quot;0&quot; data-reactid=&quot;.j.$3.1.1.$0&quot; data-sku=&quot;2023810&quot; value=&quot;0&quot;&gt;新潮流巧霸王清潔機三代升級版-ESV
$3,680$1,166&lt;/li&gt;,
	&lt;li class=&quot;product&quot; data-index=&quot;0&quot; data-reactid=&quot;.j.$3.1.1.$1&quot; data-sku=&quot;2048657&quot; value=&quot;0&quot;&gt;【TIGER虎牌】夢重力超輕量500cc+彈蓋式360cc保溫保冷杯組合(MMZ-A501+MMJ-A036)
$3,550$1,688&lt;/li&gt;,
	&lt;li class=&quot;product&quot; data-index=&quot;0&quot; data-reactid=&quot;.j.$3.1.1.$2&quot; data-sku=&quot;2042327&quot; value=&quot;0&quot;&gt;Virjoy唯潔雅 優質抽取式衛生紙100抽x72包
$999$499&lt;/li&gt;,
	&lt;li class=&quot;product&quot; data-index=&quot;0&quot; data-reactid=&quot;.j.$3.1.1.$3&quot; data-sku=&quot;1949419&quot; value=&quot;0&quot;&gt;韓國HAPPYCALL鑽石不沾炒鍋含蓋32cm
$3,380$2,599&lt;/li&gt;,
	&lt;li class=&quot;product&quot; data-index=&quot;0&quot; data-reactid=&quot;.j.$3.1.1.$4&quot; data-sku=&quot;2029818&quot; value=&quot;0&quot;&gt;加寬版可推式收納多功能鞋盒收納盒-10入
$1,064$878&lt;/li&gt;,
	&lt;li class=&quot;product&quot; data-index=&quot;0&quot; data-reactid=&quot;.j.$3.1.1.$5&quot; data-sku=&quot;1735469&quot; value=&quot;0&quot;&gt;耶魯 Yale 菁英系列數位電子保險箱 櫃-家用辦公型(小-YSELC-500-DW1)
$86,500$38,800&lt;/li&gt;,
	&lt;li class=&quot;product&quot; data-index=&quot;0&quot; data-reactid=&quot;.j.$4.1.1.$0&quot; data-sku=&quot;1972370&quot; value=&quot;0&quot;&gt;H&amp;D 藍儂田園鄉村風系列雙人房間掀床組4件式(床頭+掀床+二抽櫃+化妝台)
$15,499$10,999&lt;/li&gt;,
	&lt;li class=&quot;product&quot; data-index=&quot;0&quot; data-reactid=&quot;.j.$4.1.1.$1&quot; data-sku=&quot;1977093&quot; value=&quot;0&quot;&gt;Bernice-森克實木貓抓皮沙發客廳組(1+2+3人+大小茶几)(柚木色)(四色可選)
$75,800$26,900&lt;/li&gt;,
	&lt;li class=&quot;product&quot; data-index=&quot;0&quot; data-reactid=&quot;.j.$4.1.1.$2&quot; data-sku=&quot;1982380&quot; value=&quot;0&quot;&gt;幸運草100%精梳純棉被套床包組 絲光40支-多款任選
$3,980$1,680&lt;/li&gt;,
	&lt;li class=&quot;product&quot; data-index=&quot;0&quot; data-reactid=&quot;.j.$4.1.1.$3&quot; data-sku=&quot;5778688&quot; value=&quot;0&quot;&gt;德泰 索歐系列 乳膠620 彈簧床墊-雙人5尺
$34,500$19,999&lt;/li&gt;,
	&lt;li class=&quot;product&quot; data-index=&quot;0&quot; data-reactid=&quot;.j.$4.1.1.$4&quot; data-sku=&quot;6107672&quot; value=&quot;0&quot;&gt;超大尺寸吸水珪藻土矽藻土地墊(七款可選)
$2,990$299&lt;/li&gt;,
	&lt;li class=&quot;product&quot; data-index=&quot;0&quot; data-reactid=&quot;.j.$4.1.1.$5&quot; data-sku=&quot;1852387&quot; value=&quot;0&quot;&gt;【天璽環保無煙招財黃金香】環保無煙香
$2,000$990&lt;/li&gt;,
	&lt;li class=&quot;product&quot; data-index=&quot;0&quot; data-reactid=&quot;.j.$5.1.1.$0&quot; data-sku=&quot;5516821&quot; value=&quot;0&quot;&gt;御茶園 每朝健康綠茶650ml *24入
$840$499&lt;/li&gt;,
	&lt;li class=&quot;product&quot; data-index=&quot;0&quot; data-reactid=&quot;.j.$5.1.1.$1&quot; data-sku=&quot;2039661&quot; value=&quot;0&quot;&gt;彩花蜜當季限定琥珀龍眼蜂蜜超值組琥珀龍眼蜂蜜4瓶(700g/瓶)+琥珀龍眼蜂蜜1瓶(350g)
$4,380$1,780&lt;/li&gt;,
	&lt;li class=&quot;product&quot; data-index=&quot;0&quot; data-reactid=&quot;.j.$5.1.1.$2&quot; data-sku=&quot;2017493&quot; value=&quot;0&quot;&gt;黑豆桑 靜釀珍味組-白鳳醬油2入加贈珍果淳
$1,080$900&lt;/li&gt;,
	&lt;li class=&quot;product&quot; data-index=&quot;0&quot; data-reactid=&quot;.j.$5.1.1.$3&quot; data-sku=&quot;2009156&quot; value=&quot;0&quot;&gt;愛蜜果 枋寮愛文芒果9-12顆禮盒(約5斤/盒)
$799$449&lt;/li&gt;,
	&lt;li class=&quot;product&quot; data-index=&quot;0&quot; data-reactid=&quot;.j.$5.1.1.$4&quot; data-sku=&quot;1807954&quot; value=&quot;0&quot;&gt;金賞 特選國寶高山茶150g x12罐 共3斤
$7,800$1,880&lt;/li&gt;,
	&lt;li class=&quot;product&quot; data-index=&quot;0&quot; data-reactid=&quot;.j.$5.1.1.$5&quot; data-sku=&quot;1899433&quot; value=&quot;0&quot;&gt;王品集團-夏慕尼鐵板燒餐券4張
$4,986$4,152&lt;/li&gt;,
	&lt;li class=&quot;product&quot; data-index=&quot;0&quot; data-reactid=&quot;.j.$6.1.1.$0&quot; data-sku=&quot;6080004&quot; value=&quot;0&quot;&gt;滿意寶寶尿布 活潑寶寶紙尿褲 L(44+2片x5包/箱)
$1,795$1,109&lt;/li&gt;,
	&lt;li class=&quot;product&quot; data-index=&quot;0&quot; data-reactid=&quot;.j.$6.1.1.$1&quot; data-sku=&quot;1871996&quot; value=&quot;0&quot;&gt;滿意寶寶尿布 極緻呵護M(62片x4包/箱)
$2,340$1,899&lt;/li&gt;,
	&lt;li class=&quot;product&quot; data-index=&quot;0&quot; data-reactid=&quot;.j.$6.1.1.$2&quot; data-sku=&quot;1752790&quot; value=&quot;0&quot;&gt;【Simfy】moomoo全自動超智慧泡奶機
$11,800$5,990&lt;/li&gt;,
	&lt;li class=&quot;product&quot; data-index=&quot;0&quot; data-reactid=&quot;.j.$6.1.1.$3&quot; data-sku=&quot;1995184&quot; value=&quot;0&quot;&gt;原廠直營-Hills 希爾思7歲以上熟齡犬 青春活力 雞肉與米配方狗飼料 3.5磅 X 1包-(10772)
$670$636&lt;/li&gt;,
	&lt;li class=&quot;product&quot; data-index=&quot;0&quot; data-reactid=&quot;.j.$6.1.1.$4&quot; data-sku=&quot;1785186&quot; value=&quot;0&quot;&gt;西莎 精緻餐盒 雞肉100g (24罐)
$795$686&lt;/li&gt;,
	&lt;li class=&quot;product&quot; data-index=&quot;0&quot; data-reactid=&quot;.j.$6.1.1.$5&quot; data-sku=&quot;1899546&quot; value=&quot;0&quot;&gt;寵物之家 輕量化ㄧ鍵收車寵物三輪推車(八色任選)
$3,980$1,627&lt;/li&gt;,
	&lt;li class=&quot;product&quot; data-index=&quot;0&quot; data-reactid=&quot;.j.$7.1.1.$0&quot; data-sku=&quot;1981950&quot; value=&quot;0&quot;&gt;KYMCO光陽機車 G-SENSE 4V 125 noodoe版 (2018新車)-12期
$79,000$77,500&lt;/li&gt;,
	&lt;li class=&quot;product&quot; data-index=&quot;0&quot; data-reactid=&quot;.j.$7.1.1.$1&quot; data-sku=&quot;1928867&quot; value=&quot;0&quot;&gt;AT美國旅行者 25吋Air Force漸層防刮可擴充TSA行李箱(漸層藍)-DI0*51005
$6,200$4,960&lt;/li&gt;,
	&lt;li class=&quot;product&quot; data-index=&quot;0&quot; data-reactid=&quot;.j.$7.1.1.$2&quot; data-sku=&quot;1627465&quot; value=&quot;0&quot;&gt;福利品-tokuyo NEW II型男美女提臀健腹器TU-158
$3,680$1,480&lt;/li&gt;,
	&lt;li class=&quot;product&quot; data-index=&quot;0&quot; data-reactid=&quot;.j.$7.1.1.$3&quot; data-sku=&quot;2002035&quot; value=&quot;0&quot;&gt;2mm 超大!運動型男超大傘面自動開收傘 (多色任選)
$990$502&lt;/li&gt;,
	&lt;li class=&quot;product&quot; data-index=&quot;0&quot; data-reactid=&quot;.j.$7.1.1.$4&quot; data-sku=&quot;1897346&quot; value=&quot;0&quot;&gt;GARMIN GDR E530 1080p 超廣角行車記錄器
$4,990$3,988&lt;/li&gt;,
	&lt;li class=&quot;product&quot; data-index=&quot;0&quot; data-reactid=&quot;.j.$7.1.1.$5&quot; data-sku=&quot;5640655&quot; value=&quot;0&quot;&gt;CARBUFF 車痴大型車用捲式遮陽簾(黑)70X140cm MH-4038 (卡車、遊覽車、巴士車適用)
$450$399&lt;/li&gt;,
	&lt;li class=&quot;product&quot; data-index=&quot;0&quot; data-reactid=&quot;.j.$8.1.1.$0&quot; data-sku=&quot;2000013&quot; value=&quot;0&quot;&gt;暑假-關西四都環球影城清水寺水上巴士5日(含稅)旅遊
$33,900$27,899&lt;/li&gt;,
	&lt;li class=&quot;product&quot; data-index=&quot;0&quot; data-reactid=&quot;.j.$8.1.1.$1&quot; data-sku=&quot;2013869&quot; value=&quot;0&quot;&gt;麗星郵輪(處女星號)麗水+長崎6日(標準內側客房)旅遊
$35,100$11,800&lt;/li&gt;,
	&lt;li class=&quot;product&quot; data-index=&quot;0&quot; data-reactid=&quot;.j.$8.1.1.$2&quot; data-sku=&quot;2025326&quot; value=&quot;0&quot;&gt;暑假不加價-上海迪士尼.鹽湖城.童話樂園5日(無購物無自費)旅遊 6/1-8/31 每週五 出發
$26,800$13,900&lt;/li&gt;,
	&lt;li class=&quot;product&quot; data-index=&quot;0&quot; data-reactid=&quot;.j.$8.1.1.$3&quot; data-sku=&quot;2009157&quot; value=&quot;0&quot;&gt;暑假不加價-馬新環球影城.樂高樂園5日(小孩不佔床5000)旅遊
$35,800$13,788&lt;/li&gt;,
	&lt;li class=&quot;product&quot; data-index=&quot;0&quot; data-reactid=&quot;.j.$8.1.1.$4&quot; data-sku=&quot;2046719&quot; value=&quot;0&quot;&gt;墾丁-暑假夜宿海生館+小墾丁渡假村三日-雙人平日(暑假.假日入住不加價)
$10,200$7,980&lt;/li&gt;,
	&lt;li class=&quot;product&quot; data-index=&quot;0&quot; data-reactid=&quot;.j.$8.1.1.$5&quot; data-sku=&quot;1998382&quot; value=&quot;0&quot;&gt;暑假-飛機來回澎湖說走就走自由行4日單人平日
$4,980$2,980&lt;/li&gt;,
	&lt;li class=&quot;product&quot; data-index=&quot;0&quot; data-reactid=&quot;.j.$9.1.1.$0&quot; data-sku=&quot;2045110&quot; value=&quot;0&quot;&gt;2018俄羅斯世界盃足球賽塑膠紀念鈔
$500$480&lt;/li&gt;,
	&lt;li class=&quot;product&quot; data-index=&quot;0&quot; data-reactid=&quot;.j.$9.1.1.$1&quot; data-sku=&quot;2042903&quot; value=&quot;0&quot;&gt;King Star 甜心美鑽18K金項鍊(車花放大款)
$14,800$4,900&lt;/li&gt;,
	&lt;li class=&quot;product&quot; data-index=&quot;0&quot; data-reactid=&quot;.j.$9.1.1.$2&quot; data-sku=&quot;2019227&quot; value=&quot;0&quot;&gt;J’code真愛密碼 情緣黃金手環-硬金霧面加鍊
$13,940$13,399&lt;/li&gt;,
	&lt;li class=&quot;product&quot; data-index=&quot;0&quot; data-reactid=&quot;.j.$9.1.1.$3&quot; data-sku=&quot;1991008&quot; value=&quot;0&quot;&gt;【雅紅珠寶】GIA-1.22ct-Fancy Brownish Greenish Yellow-SI1-黃綠彩鑽戒指
$328,000$206,400&lt;/li&gt;,
	&lt;li class=&quot;product&quot; data-index=&quot;0&quot; data-reactid=&quot;.j.$9.1.1.$4&quot; data-sku=&quot;1932967&quot; value=&quot;0&quot;&gt;【緻麗珠寶】緻麗美鐲冰芙蓉種美紫羅蘭春帶彩美扁玉鐲（手圍18.5-19）
$68,800$29,671&lt;/li&gt;,
	&lt;li class=&quot;product&quot; data-index=&quot;0&quot; data-reactid=&quot;.j.$9.1.1.$5&quot; data-sku=&quot;1806465&quot; value=&quot;0&quot;&gt;美玥珠寶 天然珍藏紅寶石套組
$29,800$1,588&lt;/li&gt;,
	&lt;li class=&quot;product&quot; data-index=&quot;0&quot; data-reactid=&quot;.j.$10.1.1.$0&quot; data-sku=&quot;1844887&quot; value=&quot;0&quot;&gt;BOTTEGA VENETA 編織小羊皮長夾式鏈包 WOC(黑色) 445153 V001N 1000
$44,600$34,000&lt;/li&gt;,
	&lt;li class=&quot;product&quot; data-index=&quot;0&quot; data-reactid=&quot;.j.$10.1.1.$1&quot; data-sku=&quot;1757783&quot; value=&quot;0&quot;&gt;agnes b.星星Logo防刮皮革方形斜背包(紅)
$17,500$8,800&lt;/li&gt;,
	&lt;li class=&quot;product&quot; data-index=&quot;0&quot; data-reactid=&quot;.j.$10.1.1.$2&quot; data-sku=&quot;2034501&quot; value=&quot;0&quot;&gt;COACH 馬車防刮撞色手提/斜背保齡球包(小/玫瑰粉X紅)
$16,580$4,380&lt;/li&gt;,
	&lt;li class=&quot;product&quot; data-index=&quot;0&quot; data-reactid=&quot;.j.$10.1.1.$3&quot; data-sku=&quot;2043382&quot; value=&quot;0&quot;&gt;CITIZEN星辰 ECO-Drive 光動能月相藍寶石鏡面男錶-白x玫瑰金框/42mm(AP1052-00A)
$18,800$12,596&lt;/li&gt;,
	&lt;li class=&quot;product&quot; data-index=&quot;0&quot; data-reactid=&quot;.j.$10.1.1.$4&quot; data-sku=&quot;1917854&quot; value=&quot;0&quot;&gt;TISSOT 天梭 Everytime 經典雋永手錶 黑 38mm T1094101707700
$7,400$5,860&lt;/li&gt;,
	&lt;li class=&quot;product&quot; data-index=&quot;0&quot; data-reactid=&quot;.j.$10.1.1.$5&quot; data-sku=&quot;2009535&quot; value=&quot;0&quot;&gt;【CASIO 卡西歐】SHEEN 輕熟女優雅時尚不鏽鋼錶-玫瑰金(SHE-3059SPG-9A)
$5,900$5,192&lt;/li&gt;,
	&lt;li class=&quot;product&quot; data-index=&quot;0&quot; data-reactid=&quot;.j.$11.1.1.$0&quot; data-sku=&quot;2016312&quot; value=&quot;0&quot;&gt;鍾麗緹代言爆燃SO素王
$9,660$3,500&lt;/li&gt;,
	&lt;li class=&quot;product&quot; data-index=&quot;0&quot; data-reactid=&quot;.j.$11.1.1.$1&quot; data-sku=&quot;2041354&quot; value=&quot;0&quot;&gt;【正官庄】 高麗蔘元 (100mlx10瓶x2盒)
$900$599&lt;/li&gt;,
	&lt;li class=&quot;product&quot; data-index=&quot;0&quot; data-reactid=&quot;.j.$11.1.1.$2&quot; data-sku=&quot;1797765&quot; value=&quot;0&quot;&gt;惠氏 S26 媽咪DHA藻油 60粒軟膠囊/瓶
$1,780$1,680&lt;/li&gt;,
	&lt;li class=&quot;product&quot; data-index=&quot;0&quot; data-reactid=&quot;.j.$11.1.1.$3&quot; data-sku=&quot;1824526&quot; value=&quot;0&quot;&gt;宏醫超魔力代謝B群咖啡搶貨組
$11,760$1,880&lt;/li&gt;,
	&lt;li class=&quot;product&quot; data-index=&quot;0&quot; data-reactid=&quot;.j.$11.1.1.$4&quot; data-sku=&quot;2030660&quot; value=&quot;0&quot;&gt;【日本味王】防彈咖啡輕飲強效版3盒(8包/盒)
$2,250$1,360&lt;/li&gt;,
	&lt;li class=&quot;product&quot; data-index=&quot;0&quot; data-reactid=&quot;.j.$11.1.1.$5&quot; data-sku=&quot;2028077&quot; value=&quot;0&quot;&gt;SGS認證 TOMEI 高機能可水洗式防護3D口罩6入/組(黑色/灰色)
$1,188$249&lt;/li&gt;,
	&lt;li class=&quot;product&quot; data-index=&quot;0&quot; data-reactid=&quot;.j.$12.1.1.$0&quot; data-sku=&quot;2031733&quot; value=&quot;0&quot;&gt;Medimix 美姬仕大小神皂雙拼組加贈藏紅花皂 35入
$10,800$1,885&lt;/li&gt;,
	&lt;li class=&quot;product&quot; data-index=&quot;0&quot; data-reactid=&quot;.j.$12.1.1.$1&quot; data-sku=&quot;1855862&quot; value=&quot;0&quot;&gt;IOPE 艾諾碧 好氣色水感玻尿酸組
$1,851$880&lt;/li&gt;,
	&lt;li class=&quot;product&quot; data-index=&quot;0&quot; data-reactid=&quot;.j.$12.1.1.$2&quot; data-sku=&quot;6114897&quot; value=&quot;0&quot;&gt;DR.WU 多肽緊緻修護精華液
$2,200$1,700&lt;/li&gt;,
	&lt;li class=&quot;product&quot; data-index=&quot;0&quot; data-reactid=&quot;.j.$12.1.1.$3&quot; data-sku=&quot;2000389&quot; value=&quot;0&quot;&gt;JBLIN 頭皮調理洗髮霜系列 500ml
$780$520&lt;/li&gt;,
	&lt;li class=&quot;product&quot; data-index=&quot;0&quot; data-reactid=&quot;.j.$12.1.1.$4&quot; data-sku=&quot;2042005&quot; value=&quot;0&quot;&gt;NARUKO 牛爾 買1送2 茶樹抗痘粉刺寶 3入
$1,347$699&lt;/li&gt;,
	&lt;li class=&quot;product&quot; data-index=&quot;0&quot; data-reactid=&quot;.j.$12.1.1.$5&quot; data-sku=&quot;2032137&quot; value=&quot;0&quot;&gt;ON THE BODY 香氛沐浴甜心 2+2秒殺組
$1,118$369&lt;/li&gt;,
	&lt;li class=&quot;product&quot; data-index=&quot;0&quot; data-reactid=&quot;.j.$13.1.1.$0&quot; data-sku=&quot;1991867&quot; value=&quot;0&quot;&gt;歐風KEITH-Will 現貨甜美氣質網紗拼接荷葉袖洋裝
$3,010$1,274&lt;/li&gt;,
	&lt;li class=&quot;product&quot; data-index=&quot;0&quot; data-reactid=&quot;.j.$13.1.1.$1&quot; data-sku=&quot;2026682&quot; value=&quot;0&quot;&gt;韓國KW 簡約純色透氣防曬雪紡罩衫
$2,740$700&lt;/li&gt;,
	&lt;li class=&quot;product&quot; data-index=&quot;0&quot; data-reactid=&quot;.j.$13.1.1.$2&quot; data-sku=&quot;2033259&quot; value=&quot;0&quot;&gt;蘭陵晴彩純色棉麻造型褲裙3入
$5,980$945&lt;/li&gt;,
	&lt;li class=&quot;product&quot; data-index=&quot;0&quot; data-reactid=&quot;.j.$13.1.1.$3&quot; data-sku=&quot;2002942&quot; value=&quot;0&quot;&gt;NEW FORCE 兩入組 涼感吸濕速乾機能男女運動排汗衫 9色可選
$699$299&lt;/li&gt;,
	&lt;li class=&quot;product&quot; data-index=&quot;0&quot; data-reactid=&quot;.j.$13.1.1.$4&quot; data-sku=&quot;1873729&quot; value=&quot;0&quot;&gt;M.G 防風雨情侶款速乾工作褲
$1,280$419&lt;/li&gt;,
	&lt;li class=&quot;product&quot; data-index=&quot;0&quot; data-reactid=&quot;.j.$13.1.1.$5&quot; data-sku=&quot;2010251&quot; value=&quot;0&quot;&gt;【韓國MIZLINE】韓國空運專利設計冰絲涼感縮腹機能健身褲
$1,280$599&lt;/li&gt;,
	&lt;li class=&quot;product&quot; data-index=&quot;0&quot; data-reactid=&quot;.j.$14.1.1.$0&quot; data-sku=&quot;1979951&quot; value=&quot;0&quot;&gt;Timberland女款藍色皮革便鞋A1OZG019
$3,500$1,880&lt;/li&gt;,
	&lt;li class=&quot;product&quot; data-index=&quot;0&quot; data-reactid=&quot;.j.$14.1.1.$1&quot; data-sku=&quot;1989378&quot; value=&quot;0&quot;&gt;一踩即走鬆緊百搭休閒鞋
$890$366&lt;/li&gt;,
	&lt;li class=&quot;product&quot; data-index=&quot;0&quot; data-reactid=&quot;.j.$14.1.1.$2&quot; data-sku=&quot;2001653&quot; value=&quot;0&quot;&gt;Timberland女款咖啡色皮革涼鞋A1OZ5212
$2,900$1,680&lt;/li&gt;,
	&lt;li class=&quot;product&quot; data-index=&quot;0&quot; data-reactid=&quot;.j.$14.1.1.$3&quot; data-sku=&quot;2014954&quot; value=&quot;0&quot;&gt;【AL老工匠】頂級羊真皮水餃包-5色選
$6,280$1,999&lt;/li&gt;,
	&lt;li class=&quot;product&quot; data-index=&quot;0&quot; data-reactid=&quot;.j.$14.1.1.$4&quot; data-sku=&quot;5942987&quot; value=&quot;0&quot;&gt;Bubble❤CoCo 大蝴蝶結沙灘大草帽
$800$340&lt;/li&gt;,
	&lt;li class=&quot;product&quot; data-index=&quot;0&quot; data-reactid=&quot;.j.$14.1.1.$5&quot; data-sku=&quot;1787986&quot; value=&quot;0&quot;&gt;Kosui (3入組)歐陸限定包覆式太陽眼鏡
$17,460$499&lt;/li&gt;,
	&lt;li class=&quot;product&quot; data-index=&quot;0&quot; data-reactid=&quot;.j.$15.1.1.$0&quot; data-sku=&quot;2041599&quot; value=&quot;0&quot;&gt;華歌爾-專業系列 A-B 罩杯無鋼圈M-3L運動胸罩(藍)
$1,580$1,422&lt;/li&gt;,
	&lt;li class=&quot;product&quot; data-index=&quot;0&quot; data-reactid=&quot;.j.$15.1.1.$1&quot; data-sku=&quot;1898648&quot; value=&quot;0&quot;&gt;任-【思薇爾】晴綻系列B-F罩蕾絲包覆內衣(霞金色)
$1,080$450&lt;/li&gt;,
	&lt;li class=&quot;product&quot; data-index=&quot;0&quot; data-reactid=&quot;.j.$15.1.1.$2&quot; data-sku=&quot;2033475&quot; value=&quot;0&quot;&gt;伊黛爾 透氧輕呼吸無痕無鋼圈胸罩 3件組
$1,680$711&lt;/li&gt;,
	&lt;li class=&quot;product&quot; data-index=&quot;0&quot; data-reactid=&quot;.j.$15.1.1.$3&quot; data-sku=&quot;6021245&quot; value=&quot;0&quot;&gt;依奈川enac 親膚100%蠶絲無鋼圈 3件組
$2,999$1,098&lt;/li&gt;,
	&lt;li class=&quot;product&quot; data-index=&quot;0&quot; data-reactid=&quot;.j.$15.1.1.$4&quot; data-sku=&quot;6101389&quot; value=&quot;0&quot;&gt;PINK LADY100%蠶絲褲底蕾絲包臀中高腰內褲 6件組 (5061)
$990$653&lt;/li&gt;,
	&lt;li class=&quot;product&quot; data-index=&quot;0&quot; data-reactid=&quot;.j.$15.1.1.$5&quot; data-sku=&quot;1859190&quot; value=&quot;0&quot;&gt;Sun Flower三花 5片式平口褲/針織平口褲 4件組
$1,120$799&lt;/li&gt;,
	&lt;li class=&quot;product&quot; data-index=&quot;0&quot; data-reactid=&quot;.j.$16.1.1.$0&quot; data-sku=&quot;2025449&quot; value=&quot;0&quot;&gt;BI-ES 經典香氛超值組-勁
$9,450$890&lt;/li&gt;,
	&lt;li class=&quot;product&quot; data-index=&quot;0&quot; data-reactid=&quot;.j.$16.1.1.$1&quot; data-sku=&quot;2012873&quot; value=&quot;0&quot;&gt;長庚研發FORTE再生抗皺面膜
$7,200$1,390&lt;/li&gt;,
	&lt;li class=&quot;product&quot; data-index=&quot;0&quot; data-reactid=&quot;.j.$16.1.1.$2&quot; data-sku=&quot;1949536&quot; value=&quot;0&quot;&gt;羅崴詩九排式神奇兩用電熱造型梳-獨
$4,160$980&lt;/li&gt;,
	&lt;li class=&quot;product&quot; data-index=&quot;0&quot; data-reactid=&quot;.j.$16.1.1.$3&quot; data-sku=&quot;2016312&quot; value=&quot;0&quot;&gt;鍾麗緹代言爆燃SO素王
$9,660$3,500&lt;/li&gt;,
	&lt;li class=&quot;product&quot; data-index=&quot;0&quot; data-reactid=&quot;.j.$16.1.1.$4&quot; data-sku=&quot;1720694&quot; value=&quot;0&quot;&gt;JH JOY急酷涼防曬袖套絕版組
$3,980$890&lt;/li&gt;,
	&lt;li class=&quot;product&quot; data-index=&quot;0&quot; data-reactid=&quot;.j.$16.1.1.$5&quot; data-sku=&quot;1871798&quot; value=&quot;0&quot;&gt;瑞春 百年傳承手工黑鑽蒜風味醬油420毫升5瓶
$2,944$1,080&lt;/li&gt;,
	&lt;li class=&quot;product&quot; data-index=&quot;0&quot; data-reactid=&quot;.j.$17.1.1.$0&quot; data-sku=&quot;1995648&quot; value=&quot;0&quot;&gt;Livi優活 抽取式衛生紙100抽*96包/箱
$1,199$699&lt;/li&gt;,
	&lt;li class=&quot;product&quot; data-index=&quot;0&quot; data-reactid=&quot;.j.$17.1.1.$1&quot; data-sku=&quot;2043882&quot; value=&quot;0&quot;&gt;倍潔雅超質感抽取式衛生紙150抽x60包
$1,600$690&lt;/li&gt;,
	&lt;li class=&quot;product&quot; data-index=&quot;0&quot; data-reactid=&quot;.j.$17.1.1.$2&quot; data-sku=&quot;1811319&quot; value=&quot;0&quot;&gt;舒潔 柔韌潔淨抽取衛生紙(100抽x8包x8串/箱)
$1,299$749&lt;/li&gt;,
	&lt;li class=&quot;product&quot; data-index=&quot;0&quot; data-reactid=&quot;.j.$17.1.1.$3&quot; data-sku=&quot;2042272&quot; value=&quot;0&quot;&gt;春風 超細柔抽取式衛生紙-羽絨新肌感110抽x24包x3串
$1,190$779&lt;/li&gt;,
	&lt;li class=&quot;product&quot; data-index=&quot;0&quot; data-reactid=&quot;.j.$17.1.1.$4&quot; data-sku=&quot;2042273&quot; value=&quot;0&quot;&gt;春風 SILLACE極致絲柔乳霜精華抽取衛生紙110抽x60包
$1,199$799&lt;/li&gt;,
	&lt;li class=&quot;product&quot; data-index=&quot;0&quot; data-reactid=&quot;.j.$17.1.1.$5&quot; data-sku=&quot;2041682&quot; value=&quot;0&quot;&gt;橘子工坊 重油汙碗盤洗碗精 補充包430mlx6包
$1,099$699&lt;/li&gt;
]"
              >
<![CDATA[ListSizeMismatch : expected: = 106, actual: 108, collection: .n-category__list.n-left>li
Elements: [
	<li class="product" data-index="0" data-reactid=".j.$0.1.1.$0" data-sku="2040264" value="0">HUAWEI P20 (4GB/128GB) 5.8吋雙鏡頭旗艦機-櫻粉金
$20,900$20,900</li>,
	<li class="product" data-index="0" data-reactid=".j.$0.1.1.$1" data-sku="1909590" value="0">APPLE iPhone X 64GB 智慧型手機
$35,900$31,850</li>,
	<li class="product" data-index="0" data-reactid=".j.$0.1.1.$2" data-sku="1869497" value="0">D-Link友訊 HD無線網路攝影機 DCS-8000LH
$1,760$999</li>,
	<li class="product" data-index="0" data-reactid=".j.$0.1.1.$3" data-sku="2043170" value="0">Jabra ROX HiFi Wireless 入耳式藍牙運動耳機 公司貨
$2,990$1,099</li>,
	<li class="product" data-index="0" data-reactid=".j.$0.1.1.$4" data-sku="2045460" value="0">SIGMA 17-50mm F2.8 EX DC OS HSM (中文平輸)
$9,990$7,901</li>,
	<li class="product" data-index="0" data-reactid=".j.$0.1.1.$5" data-sku="2045464" value="0">Panasonic LUMIX G VARIO 100-300mm F4.0-5.6 II POWER O.I.S. 二代鏡頭 (中文平輸)
$14,900$13,110</li>,
	<li class="product" data-index="0" data-reactid=".j.$1.1.1.$0" data-sku="2048684" value="0">Acer宏碁 Aspire 7 效能筆電 A715-71G-52KQ 15.6吋/i5-8250U/4G/1T+128G SSD/NV GTX1050Ti
$29,900$26,900</li>,
	<li class="product" data-index="0" data-reactid=".j.$1.1.1.$1" data-sku="2035110" value="0">Apple 蘋果 iPad 9.7吋 128G WiFi (2018新版)
$13,900$13,205</li>,
	<li class="product" data-index="0" data-reactid=".j.$1.1.1.$2" data-sku="2050614" value="0">HUAWEI 華為 MediaPad M5 10.8吋 Wi-Fi 平板電腦 (4G/64G)
$14,990$13,900</li>,
	<li class="product" data-index="0" data-reactid=".j.$1.1.1.$3" data-sku="1985797" value="0">ASUS華碩 雙頻無線Gigabit 路由器(AC1900) RT-AC68U
$5,490$3,888</li>,
	<li class="product" data-index="0" data-reactid=".j.$1.1.1.$4" data-sku="2009094" value="0">SanDisk Ultra microSDXC UHS-I 128GB 記憶卡 公司貨 128G
$3,999$951</li>,
	<li class="product" data-index="0" data-reactid=".j.$1.1.1.$5" data-sku="1930766" value="0">ViewSonic優派 VA1903a 19型零閃頻抗藍光液晶螢幕
$2,388$2,350</li>,
	<li class="product" data-index="0" data-reactid=".j.$2.1.1.$0" data-sku="1902805" value="0">Panasonic國際牌468公升三門變頻冰箱(銀河灰)NR-C479HV-S
$32,190$28,650</li>,
	<li class="product" data-index="0" data-reactid=".j.$2.1.1.$1" data-sku="2028534" value="0">LG 樂金 TWINWash雙能洗 蒸氣洗脫烘滾筒洗衣機12公斤+2公斤洗衣機(WD-S12GV+WT-D200HV)(買就送14吋DC扇)
$65,800$59,000</li>,
	<li class="product" data-index="0" data-reactid=".j.$2.1.1.$2" data-sku="2041055" value="0">LG樂金 49吋一奈米4K液晶電視49UK7500PWA-送U-PRO安博盒子(含基本安裝)
$39,900$32,900</li>,
	<li class="product" data-index="0" data-reactid=".j.$2.1.1.$3" data-sku="1914728" value="0">PHILIPS飛利浦智慧萬用鍋(HD2133)-贈內鍋(HD2775)
$6,288$3,288</li>,
	<li class="product" data-index="0" data-reactid=".j.$2.1.1.$4" data-sku="1762264" value="0">Valera維力諾 水護色造型魔髮器100.11/IS(小銀)瑞士原裝
$6,800$4,658</li>,
	<li class="product" data-index="0" data-reactid=".j.$2.1.1.$5" data-sku="1976666" value="0">米家石頭掃地拖地二合一機器人(小米掃地機器人2)
$16,999$13,600</li>,
	<li class="product" data-index="0" data-reactid=".j.$3.1.1.$0" data-sku="2023810" value="0">新潮流巧霸王清潔機三代升級版-ESV
$3,680$1,166</li>,
	<li class="product" data-index="0" data-reactid=".j.$3.1.1.$1" data-sku="2048657" value="0">【TIGER虎牌】夢重力超輕量500cc+彈蓋式360cc保溫保冷杯組合(MMZ-A501+MMJ-A036)
$3,550$1,688</li>,
	<li class="product" data-index="0" data-reactid=".j.$3.1.1.$2" data-sku="2042327" value="0">Virjoy唯潔雅 優質抽取式衛生紙100抽x72包
$999$499</li>,
	<li class="product" data-index="0" data-reactid=".j.$3.1.1.$3" data-sku="1949419" value="0">韓國HAPPYCALL鑽石不沾炒鍋含蓋32cm
$3,380$2,599</li>,
	<li class="product" data-index="0" data-reactid=".j.$3.1.1.$4" data-sku="2029818" value="0">加寬版可推式收納多功能鞋盒收納盒-10入
$1,064$878</li>,
	<li class="product" data-index="0" data-reactid=".j.$3.1.1.$5" data-sku="1735469" value="0">耶魯 Yale 菁英系列數位電子保險箱 櫃-家用辦公型(小-YSELC-500-DW1)
$86,500$38,800</li>,
	<li class="product" data-index="0" data-reactid=".j.$4.1.1.$0" data-sku="1972370" value="0">H&D 藍儂田園鄉村風系列雙人房間掀床組4件式(床頭+掀床+二抽櫃+化妝台)
$15,499$10,999</li>,
	<li class="product" data-index="0" data-reactid=".j.$4.1.1.$1" data-sku="1977093" value="0">Bernice-森克實木貓抓皮沙發客廳組(1+2+3人+大小茶几)(柚木色)(四色可選)
$75,800$26,900</li>,
	<li class="product" data-index="0" data-reactid=".j.$4.1.1.$2" data-sku="1982380" value="0">幸運草100%精梳純棉被套床包組 絲光40支-多款任選
$3,980$1,680</li>,
	<li class="product" data-index="0" data-reactid=".j.$4.1.1.$3" data-sku="5778688" value="0">德泰 索歐系列 乳膠620 彈簧床墊-雙人5尺
$34,500$19,999</li>,
	<li class="product" data-index="0" data-reactid=".j.$4.1.1.$4" data-sku="6107672" value="0">超大尺寸吸水珪藻土矽藻土地墊(七款可選)
$2,990$299</li>,
	<li class="product" data-index="0" data-reactid=".j.$4.1.1.$5" data-sku="1852387" value="0">【天璽環保無煙招財黃金香】環保無煙香
$2,000$990</li>,
	<li class="product" data-index="0" data-reactid=".j.$5.1.1.$0" data-sku="5516821" value="0">御茶園 每朝健康綠茶650ml *24入
$840$499</li>,
	<li class="product" data-index="0" data-reactid=".j.$5.1.1.$1" data-sku="2039661" value="0">彩花蜜當季限定琥珀龍眼蜂蜜超值組琥珀龍眼蜂蜜4瓶(700g/瓶)+琥珀龍眼蜂蜜1瓶(350g)
$4,380$1,780</li>,
	<li class="product" data-index="0" data-reactid=".j.$5.1.1.$2" data-sku="2017493" value="0">黑豆桑 靜釀珍味組-白鳳醬油2入加贈珍果淳
$1,080$900</li>,
	<li class="product" data-index="0" data-reactid=".j.$5.1.1.$3" data-sku="2009156" value="0">愛蜜果 枋寮愛文芒果9-12顆禮盒(約5斤/盒)
$799$449</li>,
	<li class="product" data-index="0" data-reactid=".j.$5.1.1.$4" data-sku="1807954" value="0">金賞 特選國寶高山茶150g x12罐 共3斤
$7,800$1,880</li>,
	<li class="product" data-index="0" data-reactid=".j.$5.1.1.$5" data-sku="1899433" value="0">王品集團-夏慕尼鐵板燒餐券4張
$4,986$4,152</li>,
	<li class="product" data-index="0" data-reactid=".j.$6.1.1.$0" data-sku="6080004" value="0">滿意寶寶尿布 活潑寶寶紙尿褲 L(44+2片x5包/箱)
$1,795$1,109</li>,
	<li class="product" data-index="0" data-reactid=".j.$6.1.1.$1" data-sku="1871996" value="0">滿意寶寶尿布 極緻呵護M(62片x4包/箱)
$2,340$1,899</li>,
	<li class="product" data-index="0" data-reactid=".j.$6.1.1.$2" data-sku="1752790" value="0">【Simfy】moomoo全自動超智慧泡奶機
$11,800$5,990</li>,
	<li class="product" data-index="0" data-reactid=".j.$6.1.1.$3" data-sku="1995184" value="0">原廠直營-Hills 希爾思7歲以上熟齡犬 青春活力 雞肉與米配方狗飼料 3.5磅 X 1包-(10772)
$670$636</li>,
	<li class="product" data-index="0" data-reactid=".j.$6.1.1.$4" data-sku="1785186" value="0">西莎 精緻餐盒 雞肉100g (24罐)
$795$686</li>,
	<li class="product" data-index="0" data-reactid=".j.$6.1.1.$5" data-sku="1899546" value="0">寵物之家 輕量化ㄧ鍵收車寵物三輪推車(八色任選)
$3,980$1,627</li>,
	<li class="product" data-index="0" data-reactid=".j.$7.1.1.$0" data-sku="1981950" value="0">KYMCO光陽機車 G-SENSE 4V 125 noodoe版 (2018新車)-12期
$79,000$77,500</li>,
	<li class="product" data-index="0" data-reactid=".j.$7.1.1.$1" data-sku="1928867" value="0">AT美國旅行者 25吋Air Force漸層防刮可擴充TSA行李箱(漸層藍)-DI0*51005
$6,200$4,960</li>,
	<li class="product" data-index="0" data-reactid=".j.$7.1.1.$2" data-sku="1627465" value="0">福利品-tokuyo NEW II型男美女提臀健腹器TU-158
$3,680$1,480</li>,
	<li class="product" data-index="0" data-reactid=".j.$7.1.1.$3" data-sku="2002035" value="0">2mm 超大!運動型男超大傘面自動開收傘 (多色任選)
$990$502</li>,
	<li class="product" data-index="0" data-reactid=".j.$7.1.1.$4" data-sku="1897346" value="0">GARMIN GDR E530 1080p 超廣角行車記錄器
$4,990$3,988</li>,
	<li class="product" data-index="0" data-reactid=".j.$7.1.1.$5" data-sku="5640655" value="0">CARBUFF 車痴大型車用捲式遮陽簾(黑)70X140cm MH-4038 (卡車、遊覽車、巴士車適用)
$450$399</li>,
	<li class="product" data-index="0" data-reactid=".j.$8.1.1.$0" data-sku="2000013" value="0">暑假-關西四都環球影城清水寺水上巴士5日(含稅)旅遊
$33,900$27,899</li>,
	<li class="product" data-index="0" data-reactid=".j.$8.1.1.$1" data-sku="2013869" value="0">麗星郵輪(處女星號)麗水+長崎6日(標準內側客房)旅遊
$35,100$11,800</li>,
	<li class="product" data-index="0" data-reactid=".j.$8.1.1.$2" data-sku="2025326" value="0">暑假不加價-上海迪士尼.鹽湖城.童話樂園5日(無購物無自費)旅遊 6/1-8/31 每週五 出發
$26,800$13,900</li>,
	<li class="product" data-index="0" data-reactid=".j.$8.1.1.$3" data-sku="2009157" value="0">暑假不加價-馬新環球影城.樂高樂園5日(小孩不佔床5000)旅遊
$35,800$13,788</li>,
	<li class="product" data-index="0" data-reactid=".j.$8.1.1.$4" data-sku="2046719" value="0">墾丁-暑假夜宿海生館+小墾丁渡假村三日-雙人平日(暑假.假日入住不加價)
$10,200$7,980</li>,
	<li class="product" data-index="0" data-reactid=".j.$8.1.1.$5" data-sku="1998382" value="0">暑假-飛機來回澎湖說走就走自由行4日單人平日
$4,980$2,980</li>,
	<li class="product" data-index="0" data-reactid=".j.$9.1.1.$0" data-sku="2045110" value="0">2018俄羅斯世界盃足球賽塑膠紀念鈔
$500$480</li>,
	<li class="product" data-index="0" data-reactid=".j.$9.1.1.$1" data-sku="2042903" value="0">King Star 甜心美鑽18K金項鍊(車花放大款)
$14,800$4,900</li>,
	<li class="product" data-index="0" data-reactid=".j.$9.1.1.$2" data-sku="2019227" value="0">J’code真愛密碼 情緣黃金手環-硬金霧面加鍊
$13,940$13,399</li>,
	<li class="product" data-index="0" data-reactid=".j.$9.1.1.$3" data-sku="1991008" value="0">【雅紅珠寶】GIA-1.22ct-Fancy Brownish Greenish Yellow-SI1-黃綠彩鑽戒指
$328,000$206,400</li>,
	<li class="product" data-index="0" data-reactid=".j.$9.1.1.$4" data-sku="1932967" value="0">【緻麗珠寶】緻麗美鐲冰芙蓉種美紫羅蘭春帶彩美扁玉鐲（手圍18.5-19）
$68,800$29,671</li>,
	<li class="product" data-index="0" data-reactid=".j.$9.1.1.$5" data-sku="1806465" value="0">美玥珠寶 天然珍藏紅寶石套組
$29,800$1,588</li>,
	<li class="product" data-index="0" data-reactid=".j.$10.1.1.$0" data-sku="1844887" value="0">BOTTEGA VENETA 編織小羊皮長夾式鏈包 WOC(黑色) 445153 V001N 1000
$44,600$34,000</li>,
	<li class="product" data-index="0" data-reactid=".j.$10.1.1.$1" data-sku="1757783" value="0">agnes b.星星Logo防刮皮革方形斜背包(紅)
$17,500$8,800</li>,
	<li class="product" data-index="0" data-reactid=".j.$10.1.1.$2" data-sku="2034501" value="0">COACH 馬車防刮撞色手提/斜背保齡球包(小/玫瑰粉X紅)
$16,580$4,380</li>,
	<li class="product" data-index="0" data-reactid=".j.$10.1.1.$3" data-sku="2043382" value="0">CITIZEN星辰 ECO-Drive 光動能月相藍寶石鏡面男錶-白x玫瑰金框/42mm(AP1052-00A)
$18,800$12,596</li>,
	<li class="product" data-index="0" data-reactid=".j.$10.1.1.$4" data-sku="1917854" value="0">TISSOT 天梭 Everytime 經典雋永手錶 黑 38mm T1094101707700
$7,400$5,860</li>,
	<li class="product" data-index="0" data-reactid=".j.$10.1.1.$5" data-sku="2009535" value="0">【CASIO 卡西歐】SHEEN 輕熟女優雅時尚不鏽鋼錶-玫瑰金(SHE-3059SPG-9A)
$5,900$5,192</li>,
	<li class="product" data-index="0" data-reactid=".j.$11.1.1.$0" data-sku="2016312" value="0">鍾麗緹代言爆燃SO素王
$9,660$3,500</li>,
	<li class="product" data-index="0" data-reactid=".j.$11.1.1.$1" data-sku="2041354" value="0">【正官庄】 高麗蔘元 (100mlx10瓶x2盒)
$900$599</li>,
	<li class="product" data-index="0" data-reactid=".j.$11.1.1.$2" data-sku="1797765" value="0">惠氏 S26 媽咪DHA藻油 60粒軟膠囊/瓶
$1,780$1,680</li>,
	<li class="product" data-index="0" data-reactid=".j.$11.1.1.$3" data-sku="1824526" value="0">宏醫超魔力代謝B群咖啡搶貨組
$11,760$1,880</li>,
	<li class="product" data-index="0" data-reactid=".j.$11.1.1.$4" data-sku="2030660" value="0">【日本味王】防彈咖啡輕飲強效版3盒(8包/盒)
$2,250$1,360</li>,
	<li class="product" data-index="0" data-reactid=".j.$11.1.1.$5" data-sku="2028077" value="0">SGS認證 TOMEI 高機能可水洗式防護3D口罩6入/組(黑色/灰色)
$1,188$249</li>,
	<li class="product" data-index="0" data-reactid=".j.$12.1.1.$0" data-sku="2031733" value="0">Medimix 美姬仕大小神皂雙拼組加贈藏紅花皂 35入
$10,800$1,885</li>,
	<li class="product" data-index="0" data-reactid=".j.$12.1.1.$1" data-sku="1855862" value="0">IOPE 艾諾碧 好氣色水感玻尿酸組
$1,851$880</li>,
	<li class="product" data-index="0" data-reactid=".j.$12.1.1.$2" data-sku="6114897" value="0">DR.WU 多肽緊緻修護精華液
$2,200$1,700</li>,
	<li class="product" data-index="0" data-reactid=".j.$12.1.1.$3" data-sku="2000389" value="0">JBLIN 頭皮調理洗髮霜系列 500ml
$780$520</li>,
	<li class="product" data-index="0" data-reactid=".j.$12.1.1.$4" data-sku="2042005" value="0">NARUKO 牛爾 買1送2 茶樹抗痘粉刺寶 3入
$1,347$699</li>,
	<li class="product" data-index="0" data-reactid=".j.$12.1.1.$5" data-sku="2032137" value="0">ON THE BODY 香氛沐浴甜心 2+2秒殺組
$1,118$369</li>,
	<li class="product" data-index="0" data-reactid=".j.$13.1.1.$0" data-sku="1991867" value="0">歐風KEITH-Will 現貨甜美氣質網紗拼接荷葉袖洋裝
$3,010$1,274</li>,
	<li class="product" data-index="0" data-reactid=".j.$13.1.1.$1" data-sku="2026682" value="0">韓國KW 簡約純色透氣防曬雪紡罩衫
$2,740$700</li>,
	<li class="product" data-index="0" data-reactid=".j.$13.1.1.$2" data-sku="2033259" value="0">蘭陵晴彩純色棉麻造型褲裙3入
$5,980$945</li>,
	<li class="product" data-index="0" data-reactid=".j.$13.1.1.$3" data-sku="2002942" value="0">NEW FORCE 兩入組 涼感吸濕速乾機能男女運動排汗衫 9色可選
$699$299</li>,
	<li class="product" data-index="0" data-reactid=".j.$13.1.1.$4" data-sku="1873729" value="0">M.G 防風雨情侶款速乾工作褲
$1,280$419</li>,
	<li class="product" data-index="0" data-reactid=".j.$13.1.1.$5" data-sku="2010251" value="0">【韓國MIZLINE】韓國空運專利設計冰絲涼感縮腹機能健身褲
$1,280$599</li>,
	<li class="product" data-index="0" data-reactid=".j.$14.1.1.$0" data-sku="1979951" value="0">Timberland女款藍色皮革便鞋A1OZG019
$3,500$1,880</li>,
	<li class="product" data-index="0" data-reactid=".j.$14.1.1.$1" data-sku="1989378" value="0">一踩即走鬆緊百搭休閒鞋
$890$366</li>,
	<li class="product" data-index="0" data-reactid=".j.$14.1.1.$2" data-sku="2001653" value="0">Timberland女款咖啡色皮革涼鞋A1OZ5212
$2,900$1,680</li>,
	<li class="product" data-index="0" data-reactid=".j.$14.1.1.$3" data-sku="2014954" value="0">【AL老工匠】頂級羊真皮水餃包-5色選
$6,280$1,999</li>,
	<li class="product" data-index="0" data-reactid=".j.$14.1.1.$4" data-sku="5942987" value="0">Bubble❤CoCo 大蝴蝶結沙灘大草帽
$800$340</li>,
	<li class="product" data-index="0" data-reactid=".j.$14.1.1.$5" data-sku="1787986" value="0">Kosui (3入組)歐陸限定包覆式太陽眼鏡
$17,460$499</li>,
	<li class="product" data-index="0" data-reactid=".j.$15.1.1.$0" data-sku="2041599" value="0">華歌爾-專業系列 A-B 罩杯無鋼圈M-3L運動胸罩(藍)
$1,580$1,422</li>,
	<li class="product" data-index="0" data-reactid=".j.$15.1.1.$1" data-sku="1898648" value="0">任-【思薇爾】晴綻系列B-F罩蕾絲包覆內衣(霞金色)
$1,080$450</li>,
	<li class="product" data-index="0" data-reactid=".j.$15.1.1.$2" data-sku="2033475" value="0">伊黛爾 透氧輕呼吸無痕無鋼圈胸罩 3件組
$1,680$711</li>,
	<li class="product" data-index="0" data-reactid=".j.$15.1.1.$3" data-sku="6021245" value="0">依奈川enac 親膚100%蠶絲無鋼圈 3件組
$2,999$1,098</li>,
	<li class="product" data-index="0" data-reactid=".j.$15.1.1.$4" data-sku="6101389" value="0">PINK LADY100%蠶絲褲底蕾絲包臀中高腰內褲 6件組 (5061)
$990$653</li>,
	<li class="product" data-index="0" data-reactid=".j.$15.1.1.$5" data-sku="1859190" value="0">Sun Flower三花 5片式平口褲/針織平口褲 4件組
$1,120$799</li>,
	<li class="product" data-index="0" data-reactid=".j.$16.1.1.$0" data-sku="2025449" value="0">BI-ES 經典香氛超值組-勁
$9,450$890</li>,
	<li class="product" data-index="0" data-reactid=".j.$16.1.1.$1" data-sku="2012873" value="0">長庚研發FORTE再生抗皺面膜
$7,200$1,390</li>,
	<li class="product" data-index="0" data-reactid=".j.$16.1.1.$2" data-sku="1949536" value="0">羅崴詩九排式神奇兩用電熱造型梳-獨
$4,160$980</li>,
	<li class="product" data-index="0" data-reactid=".j.$16.1.1.$3" data-sku="2016312" value="0">鍾麗緹代言爆燃SO素王
$9,660$3,500</li>,
	<li class="product" data-index="0" data-reactid=".j.$16.1.1.$4" data-sku="1720694" value="0">JH JOY急酷涼防曬袖套絕版組
$3,980$890</li>,
	<li class="product" data-index="0" data-reactid=".j.$16.1.1.$5" data-sku="1871798" value="0">瑞春 百年傳承手工黑鑽蒜風味醬油420毫升5瓶
$2,944$1,080</li>,
	<li class="product" data-index="0" data-reactid=".j.$17.1.1.$0" data-sku="1995648" value="0">Livi優活 抽取式衛生紙100抽*96包/箱
$1,199$699</li>,
	<li class="product" data-index="0" data-reactid=".j.$17.1.1.$1" data-sku="2043882" value="0">倍潔雅超質感抽取式衛生紙150抽x60包
$1,600$690</li>,
	<li class="product" data-index="0" data-reactid=".j.$17.1.1.$2" data-sku="1811319" value="0">舒潔 柔韌潔淨抽取衛生紙(100抽x8包x8串/箱)
$1,299$749</li>,
	<li class="product" data-index="0" data-reactid=".j.$17.1.1.$3" data-sku="2042272" value="0">春風 超細柔抽取式衛生紙-羽絨新肌感110抽x24包x3串
$1,190$779</li>,
	<li class="product" data-index="0" data-reactid=".j.$17.1.1.$4" data-sku="2042273" value="0">春風 SILLACE極致絲柔乳霜精華抽取衛生紙110抽x60包
$1,199$799</li>,
	<li class="product" data-index="0" data-reactid=".j.$17.1.1.$5" data-sku="2041682" value="0">橘子工坊 重油汙碗盤洗碗精 補充包430mlx6包
$1,099$699</li>
]
Screenshot: file:/Users/ehsn/Selenide-TestNG-ReportNG-Framework/build/reports/tests/1529392599441.4.png
Page source: file:/Users/ehsn/Selenide-TestNG-ReportNG-Framework/build/reports/tests/1529392599441.4.html
Timeout: 6 s.
  com.codeborne.selenide.collections.ListSize.fail(ListSize.java:24)
  com.codeborne.selenide.ElementsCollection.waitUntil(ElementsCollection.java:117)
  com.codeborne.selenide.ElementsCollection.should(ElementsCollection.java:75)
  com.codeborne.selenide.ElementsCollection.shouldHave(ElementsCollection.java:66)
  com.codeborne.selenide.ElementsCollection.shouldHaveSize(ElementsCollection.java:48)
  com.selenium.PageObject.HomePage.checkStoreProductlist(HomePage.java:100)
  com.selenium.test.testng.tests.HomePageTest.testHomePage(HomePageTest.java:18)
  sun.reflect.NativeMethodAccessorImpl.invoke0(Native Method)
  sun.reflect.NativeMethodAccessorImpl.invoke(NativeMethodAccessorImpl.java:62)
  sun.reflect.DelegatingMethodAccessorImpl.invoke(DelegatingMethodAccessorImpl.java:43)
  java.lang.reflect.Method.invoke(Method.java:498)
  org.testng.internal.MethodInvocationHelper.invokeMethod(MethodInvocationHelper.java:124)
  org.testng.internal.Invoker.invokeMethod(Invoker.java:583)
  org.testng.internal.Invoker.invokeTestMethod(Invoker.java:719)
  org.testng.internal.Invoker.invokeTestMethods(Invoker.java:989)
  org.testng.internal.TestMethodWorker.invokeTestMethods(TestMethodWorker.java:125)
  org.testng.internal.TestMethodWorker.run(TestMethodWorker.java:109)
  java.util.concurrent.ThreadPoolExecutor.runWorker(ThreadPoolExecutor.java:1149)
  java.util.concurrent.ThreadPoolExecutor$Worker.run(ThreadPoolExecutor.java:624)
  java.lang.Thread.run(Thread.java:748)
]]>
      </failure>

          </testcase>
  
  
  
</testsuite>
